Running: D:\000\ISE\14.7\ISE_DS\ISE\bin\nt64\unwrapped\fuse.exe -nodebug -prj mips.prj -o mips.exe mips_auto_txt 
ISim P.20131013 (signature 0x7708f090)
Number of CPUs detected in this system: 16
Turning on mult-threading, number of parallel sub-compilation jobs: 32 
Determining compilation order of HDL files
Analyzing Verilog file "alu.v" into library work
Analyzing Verilog file "Bridge.v" into library work
Analyzing Verilog file "CP0.v" into library work
Analyzing Verilog file "CPU.v" into library work
Analyzing Verilog file "cu.v" into library work
Analyzing Verilog file "grf.v" into library work
Analyzing Verilog file "hctrl.v" into library work
Analyzing Verilog file "ifu.v" into library work
Analyzing Verilog file "loadbyte.v" into library work
Analyzing Verilog file "mdu.v" into library work
Analyzing Verilog file "mips.v" into library work
Analyzing Verilog file "mips_auto_txt.v" into library work
Analyzing Verilog file "mips_tb.v" into library work
Analyzing Verilog file "npc.v" into library work
Analyzing Verilog file "savebyte.v" into library work
Analyzing Verilog file "TC.v" into library work
Starting static elaboration
Completed static elaboration
Compiling module ifu
Compiling module npc
Compiling module cu
Compiling module grf
Compiling module alu
Compiling module mdu
Compiling module savebyte
Compiling module loadbyte
Compiling module CP0
Compiling module hctrl
Compiling module CPU
Compiling module Bridge
Compiling module TC
Compiling module mips
Compiling module mips_auto_txt
Time Resolution for simulation is 1ps.
Waiting for 1 sub-compilation(s) to finish...
Compiled 15 Verilog Units
Built simulation executable mips.exe
Fuse Memory Usage: 34176 KB
Fuse CPU Usage: 639 ms
